2024-02-24 21:44:41.711 [New I/O server worker #1-9] ERROR c.a.otter.canal.server.netty.handler.SessionHandler - something goes wrong with channel:[id: 0x6ab994ba, /127.0.0.1:60946 :> /127.0.0.1:11111], exception=java.nio.channels.ClosedChannelException
	at org.jboss.netty.channel.socket.nio.NioWorker.cleanUpWriteBuffer(NioWorker.java:645)
	at org.jboss.netty.channel.socket.nio.NioWorker.writeFromUserCode(NioWorker.java:372)
	at org.jboss.netty.channel.socket.nio.NioServerSocketPipelineSink.handleAcceptedSocket(NioServerSocketPipelineSink.java:137)
	at org.jboss.netty.channel.socket.nio.NioServerSocketPipelineSink.eventSunk(NioServerSocketPipelineSink.java:76)
	at org.jboss.netty.channel.Channels.write(Channels.java:611)
	at org.jboss.netty.channel.Channels.write(Channels.java:578)
	at com.alibaba.otter.canal.server.netty.NettyUtils.write(NettyUtils.java:49)
	at com.alibaba.otter.canal.server.netty.handler.SessionHandler.messageReceived(SessionHandler.java:333)
	at org.jboss.netty.handler.timeout.IdleStateAwareChannelHandler.handleUpstream(IdleStateAwareChannelHandler.java:48)
	at org.jboss.netty.handler.timeout.IdleStateHandler.messageReceived(IdleStateHandler.java:275)
	at org.jboss.netty.channel.Channels.fireMessageReceived(Channels.java:302)
	at org.jboss.netty.handler.codec.replay.ReplayingDecoder.unfoldAndFireMessageReceived(ReplayingDecoder.java:530)
	at org.jboss.netty.handler.codec.replay.ReplayingDecoder.callDecode(ReplayingDecoder.java:506)
	at org.jboss.netty.handler.codec.replay.ReplayingDecoder.messageReceived(ReplayingDecoder.java:443)
	at org.jboss.netty.channel.Channels.fireMessageReceived(Channels.java:274)
	at org.jboss.netty.channel.Channels.fireMessageReceived(Channels.java:261)
	at org.jboss.netty.channel.socket.nio.NioWorker.read(NioWorker.java:351)
	at org.jboss.netty.channel.socket.nio.NioWorker.processSelectedKeys(NioWorker.java:282)
	at org.jboss.netty.channel.socket.nio.NioWorker.run(NioWorker.java:202)
	at java.base/java.util.concurrent.ThreadPoolExecutor.runWorker(ThreadPoolExecutor.java:1128)
	at java.base/java.util.concurrent.ThreadPoolExecutor$Worker.run(ThreadPoolExecutor.java:628)
	at java.base/java.lang.Thread.run(Thread.java:834)

2024-02-24 21:44:41.797 [Thread-4] INFO  c.a.otter.canal.instance.core.AbstractCanalInstance - stop CannalInstance for null-example 
2024-02-24 21:44:42.537 [Thread-4] INFO  c.a.otter.canal.instance.core.AbstractCanalInstance - stop successful....
