Java HotSpot(TM) 64-Bit Server VM warning: Option AggressiveOpts was deprecated in version 11.0 and will likely be removed in a future release.
11:12:08,268 |-INFO in ch.qos.logback.classic.LoggerContext[default] - Found resource [/home/amber/GolangProjects/Sophie/tools/canal/canal-server/bin/../conf/logback.xml] at [file:/home/amber/GolangProjects/Sophie/tools/canal/canal-server/bin/../conf/logback.xml]
11:12:08,329 |-INFO in ch.qos.logback.classic.joran.action.ConfigurationAction - debug attribute not set
11:12:08,336 |-INFO in ch.qos.logback.classic.joran.action.ConfigurationAction - Will scan for changes in [file:/home/amber/GolangProjects/Sophie/tools/canal/canal-server/bin/../conf/logback.xml] 
11:12:08,336 |-INFO in ch.qos.logback.classic.joran.action.ConfigurationAction - Setting ReconfigureOnChangeTask scanning period to 5 seconds
11:12:08,337 |-INFO in ch.qos.logback.classic.joran.action.JMXConfiguratorAction - begin
11:12:08,401 |-INFO in ch.qos.logback.core.joran.action.AppenderAction - About to instantiate appender of type [ch.qos.logback.core.ConsoleAppender]
11:12:08,404 |-INFO in ch.qos.logback.core.joran.action.AppenderAction - Naming appender as [STDOUT]
11:12:08,406 |-INFO in ch.qos.logback.core.joran.action.NestedComplexPropertyIA - Assuming default type [ch.qos.logback.classic.encoder.PatternLayoutEncoder] for [encoder] property
11:12:08,433 |-INFO in ch.qos.logback.core.joran.action.AppenderAction - About to instantiate appender of type [ch.qos.logback.classic.sift.SiftingAppender]
11:12:08,434 |-INFO in ch.qos.logback.core.joran.action.AppenderAction - Naming appender as [CANAL-ROOT]
11:12:08,436 |-INFO in ch.qos.logback.core.joran.action.NestedComplexPropertyIA - Assuming default type [ch.qos.logback.classic.sift.MDCBasedDiscriminator] for [discriminator] property
11:12:08,437 |-INFO in ch.qos.logback.core.joran.action.AppenderAction - About to instantiate appender of type [ch.qos.logback.classic.sift.SiftingAppender]
11:12:08,437 |-INFO in ch.qos.logback.core.joran.action.AppenderAction - Naming appender as [CANAL-META]
11:12:08,438 |-INFO in ch.qos.logback.core.joran.action.NestedComplexPropertyIA - Assuming default type [ch.qos.logback.classic.sift.MDCBasedDiscriminator] for [discriminator] property
11:12:08,440 |-INFO in ch.qos.logback.core.joran.action.AppenderAction - About to instantiate appender of type [ch.qos.logback.core.rolling.RollingFileAppender]
11:12:08,442 |-INFO in ch.qos.logback.core.joran.action.AppenderAction - Naming appender as [RocketmqClientAppender]
11:12:08,447 |-INFO in c.q.l.core.rolling.TimeBasedRollingPolicy@517355658 - Will use gz compression
11:12:08,449 |-INFO in c.q.l.core.rolling.TimeBasedRollingPolicy@517355658 - Will use the pattern ../logs/canal/%d{yyyy-MM-dd}/rocketmq_client-%d{yyyy-MM-dd}-%i.log for the active file
11:12:08,450 |-INFO in ch.qos.logback.core.rolling.SizeAndTimeBasedFNATP@5a45133e - The date pattern is 'yyyy-MM-dd' from file name pattern '../logs/canal/%d{yyyy-MM-dd}/rocketmq_client-%d{yyyy-MM-dd}-%i.log.gz'.
11:12:08,450 |-INFO in ch.qos.logback.core.rolling.SizeAndTimeBasedFNATP@5a45133e - Roll-over at midnight.
11:12:08,454 |-INFO in ch.qos.logback.core.rolling.SizeAndTimeBasedFNATP@5a45133e - Setting initial period to Thu Feb 22 11:12:08 CST 2024
11:12:08,454 |-WARN in ch.qos.logback.core.rolling.SizeAndTimeBasedFNATP@5a45133e - SizeAndTimeBasedFNATP is deprecated. Use SizeAndTimeBasedRollingPolicy instead
11:12:08,454 |-WARN in ch.qos.logback.core.rolling.SizeAndTimeBasedFNATP@5a45133e - For more information see http://logback.qos.ch/manual/appenders.html#SizeAndTimeBasedRollingPolicy
11:12:08,455 |-INFO in ch.qos.logback.core.joran.action.NestedComplexPropertyIA - Assuming default type [ch.qos.logback.classic.encoder.PatternLayoutEncoder] for [encoder] property
11:12:08,456 |-INFO in ch.qos.logback.core.rolling.RollingFileAppender[RocketmqClientAppender] - Active log file name: ../logs/canal/rocketmq_client.log
11:12:08,456 |-INFO in ch.qos.logback.core.rolling.RollingFileAppender[RocketmqClientAppender] - File property is set to [../logs/canal/rocketmq_client.log]
11:12:08,457 |-INFO in ch.qos.logback.classic.joran.action.LoggerAction - Setting additivity of logger [com.alibaba.otter.canal.instance] to false
11:12:08,457 |-INFO in ch.qos.logback.classic.joran.action.LevelAction - com.alibaba.otter.canal.instance level set to INFO
11:12:08,457 |-INFO in ch.qos.logback.core.joran.action.AppenderRefAction - Attaching appender named [CANAL-ROOT] to Logger[com.alibaba.otter.canal.instance]
11:12:08,457 |-INFO in ch.qos.logback.classic.joran.action.LoggerAction - Setting additivity of logger [com.alibaba.otter.canal.deployer] to false
11:12:08,457 |-INFO in ch.qos.logback.classic.joran.action.LevelAction - com.alibaba.otter.canal.deployer level set to INFO
11:12:08,457 |-INFO in ch.qos.logback.core.joran.action.AppenderRefAction - Attaching appender named [CANAL-ROOT] to Logger[com.alibaba.otter.canal.deployer]
11:12:08,457 |-INFO in ch.qos.logback.classic.joran.action.LoggerAction - Setting additivity of logger [com.alibaba.otter.canal.meta.FileMixedMetaManager] to false
11:12:08,457 |-INFO in ch.qos.logback.classic.joran.action.LevelAction - com.alibaba.otter.canal.meta.FileMixedMetaManager level set to INFO
11:12:08,457 |-INFO in ch.qos.logback.core.joran.action.AppenderRefAction - Attaching appender named [CANAL-META] to Logger[com.alibaba.otter.canal.meta.FileMixedMetaManager]
11:12:08,457 |-INFO in ch.qos.logback.classic.joran.action.LoggerAction - Setting additivity of logger [com.alibaba.otter.canal.connector.kafka] to false
11:12:08,457 |-INFO in ch.qos.logback.classic.joran.action.LevelAction - com.alibaba.otter.canal.connector.kafka level set to INFO
11:12:08,457 |-INFO in ch.qos.logback.core.joran.action.AppenderRefAction - Attaching appender named [CANAL-ROOT] to Logger[com.alibaba.otter.canal.connector.kafka]
11:12:08,457 |-INFO in ch.qos.logback.classic.joran.action.LoggerAction - Setting additivity of logger [com.alibaba.otter.canal.connector.rocketmq] to false
11:12:08,457 |-INFO in ch.qos.logback.classic.joran.action.LevelAction - com.alibaba.otter.canal.connector.rocketmq level set to INFO
11:12:08,457 |-INFO in ch.qos.logback.core.joran.action.AppenderRefAction - Attaching appender named [CANAL-ROOT] to Logger[com.alibaba.otter.canal.connector.rocketmq]
11:12:08,457 |-INFO in ch.qos.logback.classic.joran.action.LoggerAction - Setting additivity of logger [com.alibaba.otter.canal.connector.rabbitmq] to false
11:12:08,457 |-INFO in ch.qos.logback.classic.joran.action.LevelAction - com.alibaba.otter.canal.connector.rabbitmq level set to INFO
11:12:08,457 |-INFO in ch.qos.logback.core.joran.action.AppenderRefAction - Attaching appender named [CANAL-ROOT] to Logger[com.alibaba.otter.canal.connector.rabbitmq]
11:12:08,457 |-INFO in ch.qos.logback.classic.joran.action.LoggerAction - Setting additivity of logger [RocketmqClient] to false
11:12:08,457 |-INFO in ch.qos.logback.classic.joran.action.LevelAction - RocketmqClient level set to INFO
11:12:08,457 |-INFO in ch.qos.logback.core.joran.action.AppenderRefAction - Attaching appender named [RocketmqClientAppender] to Logger[RocketmqClient]
11:12:08,457 |-INFO in ch.qos.logback.classic.joran.action.LoggerAction - Setting additivity of logger [com.alibaba.otter.canal.connector.pulsarmq] to false
11:12:08,457 |-INFO in ch.qos.logback.classic.joran.action.LevelAction - com.alibaba.otter.canal.connector.pulsarmq level set to INFO
11:12:08,457 |-INFO in ch.qos.logback.core.joran.action.AppenderRefAction - Attaching appender named [CANAL-ROOT] to Logger[com.alibaba.otter.canal.connector.pulsarmq]
11:12:08,457 |-INFO in ch.qos.logback.classic.joran.action.RootLoggerAction - Setting level of ROOT logger to WARN
11:12:08,457 |-INFO in ch.qos.logback.core.joran.action.AppenderRefAction - Attaching appender named [CANAL-ROOT] to Logger[ROOT]
11:12:08,457 |-INFO in ch.qos.logback.classic.joran.action.ConfigurationAction - End of configuration.
11:12:08,457 |-INFO in ch.qos.logback.classic.joran.JoranConfigurator@534a5a98 - Registering current configuration as safe fallback point

WARNING: An illegal reflective access operation has occurred
WARNING: Illegal reflective access by com.google.protobuf.UnsafeUtil (file:/home/amber/GolangProjects/Sophie/tools/canal/canal-server/lib/protobuf-java-3.6.1.jar) to field java.nio.Buffer.address
WARNING: Please consider reporting this to the maintainers of com.google.protobuf.UnsafeUtil
WARNING: Use --illegal-access=warn to enable warnings of further illegal reflective access operations
WARNING: All illegal access operations will be denied in a future release
