1:C 07 Dec 2023 06:18:20.760 * oO0OoO0OoO0Oo Redis is starting oO0OoO0OoO0Oo
1:C 07 Dec 2023 06:18:20.760 * Redis version=7.2.0, bits=64, commit=00000000, modified=0, pid=1, just started
1:C 07 Dec 2023 06:18:20.760 * Configuration loaded
1:M 07 Dec 2023 06:18:20.760 * monotonic clock: POSIX clock_gettime
1:M 07 Dec 2023 06:18:20.761 # Failed to write PID file: Permission denied
1:M 07 Dec 2023 06:18:20.761 * Running mode=standalone, port=6379.
1:M 07 Dec 2023 06:18:20.761 * Server initialized
1:M 07 Dec 2023 06:18:20.761 * Loading RDB produced by version 7.2.0
1:M 07 Dec 2023 06:18:20.761 * RDB age 87991 seconds
1:M 07 Dec 2023 06:18:20.761 * RDB memory usage when created 0.95 Mb
1:M 07 Dec 2023 06:18:20.761 * Done loading RDB, keys loaded: 1, keys expired: 0.
1:M 07 Dec 2023 06:18:20.761 * DB loaded from disk: 0.000 seconds
1:M 07 Dec 2023 06:18:20.761 * Ready to accept connections tcp
1:M 08 Dec 2023 01:05:00.961 * 1 changes in 3600 seconds. Saving...
1:M 08 Dec 2023 01:05:00.962 * Background saving started by pid 22
22:C 08 Dec 2023 01:05:00.966 * DB saved on disk
22:C 08 Dec 2023 01:05:00.966 * Fork CoW for RDB: current 0 MB, peak 0 MB, average 0 MB
1:M 08 Dec 2023 01:05:01.064 * Background saving terminated with success
1:signal-handler (1702018667) Received SIGTERM scheduling shutdown...
1:M 08 Dec 2023 06:57:48.017 * User requested shutdown...
1:M 08 Dec 2023 06:57:48.017 * Saving the final RDB snapshot before exiting.
1:M 08 Dec 2023 06:57:48.019 * DB saved on disk
1:M 08 Dec 2023 06:57:48.019 * Removing the pid file.
1:M 08 Dec 2023 06:57:48.019 # Redis is now ready to exit, bye bye...
1:C 08 Dec 2023 06:58:26.947 * oO0OoO0OoO0Oo Redis is starting oO0OoO0OoO0Oo
1:C 08 Dec 2023 06:58:26.947 * Redis version=7.2.0, bits=64, commit=00000000, modified=0, pid=1, just started
1:C 08 Dec 2023 06:58:26.947 * Configuration loaded
1:M 08 Dec 2023 06:58:26.948 * monotonic clock: POSIX clock_gettime
1:M 08 Dec 2023 06:58:26.948 # Failed to write PID file: Permission denied
1:M 08 Dec 2023 06:58:26.948 * Running mode=standalone, port=6379.
1:M 08 Dec 2023 06:58:26.948 * Server initialized
1:M 08 Dec 2023 06:58:26.948 * Loading RDB produced by version 7.2.0
1:M 08 Dec 2023 06:58:26.948 * RDB age 38 seconds
1:M 08 Dec 2023 06:58:26.948 * RDB memory usage when created 0.95 Mb
1:M 08 Dec 2023 06:58:26.948 * Done loading RDB, keys loaded: 2, keys expired: 0.
1:M 08 Dec 2023 06:58:26.948 * DB loaded from disk: 0.000 seconds
1:M 08 Dec 2023 06:58:26.948 * Ready to accept connections tcp
1:signal-handler (1702019161) Received SIGTERM scheduling shutdown...
1:M 08 Dec 2023 07:06:01.151 * User requested shutdown...
1:M 08 Dec 2023 07:06:01.151 * Saving the final RDB snapshot before exiting.
1:M 08 Dec 2023 07:06:01.152 * DB saved on disk
1:M 08 Dec 2023 07:06:01.152 * Removing the pid file.
1:M 08 Dec 2023 07:06:01.153 # Redis is now ready to exit, bye bye...
1:C 08 Dec 2023 07:08:30.494 * oO0OoO0OoO0Oo Redis is starting oO0OoO0OoO0Oo
1:C 08 Dec 2023 07:08:30.494 * Redis version=7.2.0, bits=64, commit=00000000, modified=0, pid=1, just started
1:C 08 Dec 2023 07:08:30.494 * Configuration loaded
1:M 08 Dec 2023 07:08:30.494 * monotonic clock: POSIX clock_gettime
1:M 08 Dec 2023 07:08:30.494 # Failed to write PID file: Permission denied
1:M 08 Dec 2023 07:08:30.494 * Running mode=standalone, port=6379.
1:M 08 Dec 2023 07:08:30.495 * Server initialized
1:M 08 Dec 2023 07:08:30.495 * Loading RDB produced by version 7.2.0
1:M 08 Dec 2023 07:08:30.495 * RDB age 149 seconds
1:M 08 Dec 2023 07:08:30.495 * RDB memory usage when created 0.95 Mb
1:M 08 Dec 2023 07:08:30.495 * Done loading RDB, keys loaded: 2, keys expired: 0.
1:M 08 Dec 2023 07:08:30.495 * DB loaded from disk: 0.000 seconds
1:M 08 Dec 2023 07:08:30.495 * Ready to accept connections tcp
1:M 08 Dec 2023 07:13:31.065 * 100 changes in 300 seconds. Saving...
1:M 08 Dec 2023 07:13:31.067 * Background saving started by pid 22
22:C 08 Dec 2023 07:13:31.071 * DB saved on disk
22:C 08 Dec 2023 07:13:31.071 * Fork CoW for RDB: current 0 MB, peak 0 MB, average 0 MB
1:M 08 Dec 2023 07:13:31.170 * Background saving terminated with success
1:M 08 Dec 2023 07:18:32.054 * 100 changes in 300 seconds. Saving...
1:M 08 Dec 2023 07:18:32.055 * Background saving started by pid 23
23:C 08 Dec 2023 07:18:32.057 * DB saved on disk
23:C 08 Dec 2023 07:18:32.058 * Fork CoW for RDB: current 0 MB, peak 0 MB, average 0 MB
1:M 08 Dec 2023 07:18:32.158 * Background saving terminated with success
1:M 08 Dec 2023 07:23:33.053 * 100 changes in 300 seconds. Saving...
1:M 08 Dec 2023 07:23:33.063 * Background saving started by pid 24
24:C 08 Dec 2023 07:23:33.071 * DB saved on disk
24:C 08 Dec 2023 07:23:33.072 * Fork CoW for RDB: current 0 MB, peak 0 MB, average 0 MB
1:M 08 Dec 2023 07:23:33.166 * Background saving terminated with success
1:M 08 Dec 2023 08:23:34.065 * 1 changes in 3600 seconds. Saving...
1:M 08 Dec 2023 08:23:34.071 * Background saving started by pid 25
25:C 08 Dec 2023 08:23:34.081 * DB saved on disk
25:C 08 Dec 2023 08:23:34.082 * Fork CoW for RDB: current 0 MB, peak 0 MB, average 0 MB
1:M 08 Dec 2023 08:23:34.174 * Background saving terminated with success
1:M 09 Dec 2023 01:27:26.379 * 1 changes in 3600 seconds. Saving...
1:M 09 Dec 2023 01:27:26.389 * Background saving started by pid 26
26:C 09 Dec 2023 01:27:26.394 * DB saved on disk
26:C 09 Dec 2023 01:27:26.395 * Fork CoW for RDB: current 0 MB, peak 0 MB, average 0 MB
1:M 09 Dec 2023 01:27:26.490 * Background saving terminated with success
1:M 09 Dec 2023 02:01:59.146 * DB saved on disk
1:M 09 Dec 2023 02:02:35.956 * DB saved on disk
1:M 09 Dec 2023 08:04:11.308 * 1 changes in 3600 seconds. Saving...
1:M 09 Dec 2023 08:04:11.312 * Background saving started by pid 27
27:C 09 Dec 2023 08:04:11.314 * DB saved on disk
27:C 09 Dec 2023 08:04:11.315 * Fork CoW for RDB: current 0 MB, peak 0 MB, average 0 MB
1:M 09 Dec 2023 08:04:11.414 * Background saving terminated with success
1:signal-handler (1702124663) Received SIGTERM scheduling shutdown...
1:M 09 Dec 2023 12:24:23.797 * User requested shutdown...
1:M 09 Dec 2023 12:24:23.798 * Saving the final RDB snapshot before exiting.
1:M 09 Dec 2023 12:24:23.802 * DB saved on disk
1:M 09 Dec 2023 12:24:23.802 * Removing the pid file.
1:M 09 Dec 2023 12:24:23.802 # Redis is now ready to exit, bye bye...
1:C 09 Dec 2023 12:29:38.259 * oO0OoO0OoO0Oo Redis is starting oO0OoO0OoO0Oo
1:C 09 Dec 2023 12:29:38.259 * Redis version=7.2.0, bits=64, commit=00000000, modified=0, pid=1, just started
1:C 09 Dec 2023 12:29:38.259 * Configuration loaded
1:M 09 Dec 2023 12:29:38.260 * monotonic clock: POSIX clock_gettime
1:M 09 Dec 2023 12:29:38.260 # Failed to write PID file: Permission denied
1:M 09 Dec 2023 12:29:38.260 * Running mode=standalone, port=6379.
1:M 09 Dec 2023 12:29:38.260 * Server initialized
1:M 09 Dec 2023 12:29:38.260 * Loading RDB produced by version 7.2.0
1:M 09 Dec 2023 12:29:38.260 * RDB age 315 seconds
1:M 09 Dec 2023 12:29:38.260 * RDB memory usage when created 1.12 Mb
1:M 09 Dec 2023 12:29:38.260 * Done loading RDB, keys loaded: 1, keys expired: 0.
1:M 09 Dec 2023 12:29:38.260 * DB loaded from disk: 0.000 seconds
1:M 09 Dec 2023 12:29:38.260 * Ready to accept connections tcp
1:M 09 Dec 2023 13:29:39.003 * 1 changes in 3600 seconds. Saving...
1:M 09 Dec 2023 13:29:39.009 * Background saving started by pid 22
22:C 09 Dec 2023 13:29:39.036 * DB saved on disk
22:C 09 Dec 2023 13:29:39.036 * Fork CoW for RDB: current 0 MB, peak 0 MB, average 0 MB
1:M 09 Dec 2023 13:29:39.110 * Background saving terminated with success
1:M 09 Dec 2023 14:20:55.154 * DB saved on disk
1:M 09 Dec 2023 14:20:59.799 * DB saved on disk
1:M 09 Dec 2023 14:21:20.556 * DB saved on disk
1:M 09 Dec 2023 14:21:20.562 * DB saved on disk
1:signal-handler (1702133689) Received SIGTERM scheduling shutdown...
1:M 09 Dec 2023 14:54:49.344 * User requested shutdown...
1:M 09 Dec 2023 14:54:49.344 * Saving the final RDB snapshot before exiting.
1:M 09 Dec 2023 14:54:49.345 * DB saved on disk
1:M 09 Dec 2023 14:54:49.345 * Removing the pid file.
1:M 09 Dec 2023 14:54:49.346 # Redis is now ready to exit, bye bye...
1:C 10 Dec 2023 00:35:08.209 * oO0OoO0OoO0Oo Redis is starting oO0OoO0OoO0Oo
1:C 10 Dec 2023 00:35:08.209 * Redis version=7.2.0, bits=64, commit=00000000, modified=0, pid=1, just started
1:C 10 Dec 2023 00:35:08.209 * Configuration loaded
1:M 10 Dec 2023 00:35:08.209 * monotonic clock: POSIX clock_gettime
1:M 10 Dec 2023 00:35:08.210 # Failed to write PID file: Permission denied
1:M 10 Dec 2023 00:35:08.210 * Running mode=standalone, port=6379.
1:M 10 Dec 2023 00:35:08.210 * Server initialized
1:M 10 Dec 2023 00:35:08.210 * Loading RDB produced by version 7.2.0
1:M 10 Dec 2023 00:35:08.210 * RDB age 34819 seconds
1:M 10 Dec 2023 00:35:08.210 * RDB memory usage when created 1.19 Mb
1:M 10 Dec 2023 00:35:08.210 * Done loading RDB, keys loaded: 6, keys expired: 0.
1:M 10 Dec 2023 00:35:08.210 * DB loaded from disk: 0.000 seconds
1:M 10 Dec 2023 00:35:08.210 * Ready to accept connections tcp
1:M 10 Dec 2023 04:05:48.840 * 1 changes in 3600 seconds. Saving...
1:M 10 Dec 2023 04:05:48.841 * Background saving started by pid 22
22:C 10 Dec 2023 04:05:48.845 * DB saved on disk
22:C 10 Dec 2023 04:05:48.845 * Fork CoW for RDB: current 0 MB, peak 0 MB, average 0 MB
1:M 10 Dec 2023 04:05:48.941 * Background saving terminated with success
1:M 10 Dec 2023 05:10:59.651 * 1 changes in 3600 seconds. Saving...
1:M 10 Dec 2023 05:10:59.653 * Background saving started by pid 23
23:C 10 Dec 2023 05:10:59.662 * DB saved on disk
23:C 10 Dec 2023 05:10:59.662 * Fork CoW for RDB: current 0 MB, peak 0 MB, average 0 MB
1:M 10 Dec 2023 05:10:59.757 * Background saving terminated with success
1:M 11 Dec 2023 06:10:37.308 * 1 changes in 3600 seconds. Saving...
1:M 11 Dec 2023 06:10:37.309 * Background saving started by pid 36
36:C 11 Dec 2023 06:10:37.312 * DB saved on disk
36:C 11 Dec 2023 06:10:37.313 * Fork CoW for RDB: current 0 MB, peak 0 MB, average 0 MB
1:M 11 Dec 2023 06:10:37.411 * Background saving terminated with success
1:M 11 Dec 2023 06:28:25.082 * 100 changes in 300 seconds. Saving...
1:M 11 Dec 2023 06:28:25.083 * Background saving started by pid 37
37:C 11 Dec 2023 06:28:25.086 * DB saved on disk
37:C 11 Dec 2023 06:28:25.086 * Fork CoW for RDB: current 0 MB, peak 0 MB, average 0 MB
1:M 11 Dec 2023 06:28:25.188 * Background saving terminated with success
1:M 11 Dec 2023 06:34:07.281 * 100 changes in 300 seconds. Saving...
1:M 11 Dec 2023 06:34:07.283 * Background saving started by pid 38
38:C 11 Dec 2023 06:34:07.288 * DB saved on disk
38:C 11 Dec 2023 06:34:07.288 * Fork CoW for RDB: current 0 MB, peak 0 MB, average 0 MB
1:M 11 Dec 2023 06:34:07.384 * Background saving terminated with success
1:M 11 Dec 2023 07:14:53.283 * 100 changes in 300 seconds. Saving...
1:M 11 Dec 2023 07:14:53.284 * Background saving started by pid 39
39:C 11 Dec 2023 07:14:53.287 * DB saved on disk
39:C 11 Dec 2023 07:14:53.287 * Fork CoW for RDB: current 0 MB, peak 0 MB, average 0 MB
1:M 11 Dec 2023 07:14:53.384 * Background saving terminated with success
1:M 11 Dec 2023 07:19:56.228 * DB saved on disk
1:signal-handler (1702280489) Received SIGTERM scheduling shutdown...
1:M 11 Dec 2023 07:41:29.088 * User requested shutdown...
1:M 11 Dec 2023 07:41:29.088 * Saving the final RDB snapshot before exiting.
1:M 11 Dec 2023 07:41:29.094 * DB saved on disk
1:M 11 Dec 2023 07:41:29.095 * Removing the pid file.
1:M 11 Dec 2023 07:41:29.095 # Redis is now ready to exit, bye bye...
1:C 11 Dec 2023 10:27:12.405 * oO0OoO0OoO0Oo Redis is starting oO0OoO0OoO0Oo
1:C 11 Dec 2023 10:27:12.406 * Redis version=7.2.0, bits=64, commit=00000000, modified=0, pid=1, just started
1:C 11 Dec 2023 10:27:12.406 * Configuration loaded
1:M 11 Dec 2023 10:27:12.406 * monotonic clock: POSIX clock_gettime
1:M 11 Dec 2023 10:27:12.406 # Failed to write PID file: Permission denied
1:M 11 Dec 2023 10:27:12.406 * Running mode=standalone, port=6379.
1:M 11 Dec 2023 10:27:12.407 * Server initialized
1:M 11 Dec 2023 10:27:12.407 * Loading RDB produced by version 7.2.0
1:M 11 Dec 2023 10:27:12.407 * RDB age 9943 seconds
1:M 11 Dec 2023 10:27:12.407 * RDB memory usage when created 1.19 Mb
1:M 11 Dec 2023 10:27:12.407 * Done loading RDB, keys loaded: 0, keys expired: 0.
1:M 11 Dec 2023 10:27:12.407 * DB loaded from disk: 0.000 seconds
1:M 11 Dec 2023 10:27:12.407 * Ready to accept connections tcp
1:M 11 Dec 2023 11:04:41.003 * 100 changes in 300 seconds. Saving...
1:M 11 Dec 2023 11:04:41.003 * Background saving started by pid 22
22:C 11 Dec 2023 11:04:41.007 * DB saved on disk
22:C 11 Dec 2023 11:04:41.008 * Fork CoW for RDB: current 0 MB, peak 0 MB, average 0 MB
1:M 11 Dec 2023 11:04:41.106 * Background saving terminated with success
1:M 11 Dec 2023 12:04:42.059 * 1 changes in 3600 seconds. Saving...
1:M 11 Dec 2023 12:04:42.067 * Background saving started by pid 23
23:C 11 Dec 2023 12:04:42.083 * DB saved on disk
23:C 11 Dec 2023 12:04:42.084 * Fork CoW for RDB: current 0 MB, peak 0 MB, average 0 MB
1:M 11 Dec 2023 12:04:42.173 * Background saving terminated with success
1:M 11 Dec 2023 13:37:50.882 * 1 changes in 3600 seconds. Saving...
1:M 11 Dec 2023 13:37:50.883 * Background saving started by pid 24
24:C 11 Dec 2023 13:37:50.886 * DB saved on disk
24:C 11 Dec 2023 13:37:50.886 * Fork CoW for RDB: current 0 MB, peak 0 MB, average 0 MB
1:M 11 Dec 2023 13:37:50.983 * Background saving terminated with success
